-------------------------------------------------------------------------------
Test set: com.bibliotheque.Entity.EntityApplicationTests
-------------------------------------------------------------------------------
Tests run: 1, Failures: 0, Errors: 1, Skipped: 0, Time elapsed: 8.949 s <<< FAILURE! - in com.bibliotheque.Entity.EntityApplicationTests
contextLoads  Time elapsed: 0.001 s  <<< ERROR!
java.lang.IllegalStateException: Failed to load ApplicationContext
Caused by: org.springframework.beans.factory.BeanCreationException: 
Error creating bean with name 'requestMappingHandlerMapping' defined in class path resource [org/springframework/boot/autoconfigure/web/servlet/WebMvcAutoConfiguration$EnableWebMvcConfiguration.class]: Invocation of init method failed; nested exception is java.lang.IllegalStateException: Ambiguous mapping. Cannot map 'userController' method 
com.bibliotheque.controller.UserController#reactiverUserById(int)
to {PUT /user/desactiverUser/{id}}: There is already 'userController' bean method
com.bibliotheque.controller.UserController#desactiverUserById(int) mapped.
Caused by: java.lang.IllegalStateException: 
Ambiguous mapping. Cannot map 'userController' method 
com.bibliotheque.controller.UserController#reactiverUserById(int)
to {PUT /user/desactiverUser/{id}}: There is already 'userController' bean method
com.bibliotheque.controller.UserController#desactiverUserById(int) mapped.

