-------------------------------------------------------------------------------
Test set: com.bibliotheque.Entity.EntityApplicationTests
-------------------------------------------------------------------------------
Tests run: 1, Failures: 0, Errors: 1, Skipped: 0, Time elapsed: 4.224 s <<< FAILURE! - in com.bibliotheque.Entity.EntityApplicationTests
contextLoads  Time elapsed: 0.001 s  <<< ERROR!
java.lang.IllegalStateException: Failed to load ApplicationContext
Caused by: org.springframework.beans.factory.BeanCreationException: Error creating bean with name 'reservationRepository': FactoryBean threw exception on object creation; nested exception is java.lang.IllegalArgumentException: Failed to create query for method public abstract java.util.List com.bibliotheque.repository.ReservationRepository.findAllAndAndIsactif()! No property findAll found for type Reservation!
Caused by: java.lang.IllegalArgumentException: Failed to create query for method public abstract java.util.List com.bibliotheque.repository.ReservationRepository.findAllAndAndIsactif()! No property findAll found for type Reservation!
Caused by: org.springframework.data.mapping.PropertyReferenceException: No property findAll found for type Reservation!

